This is pdfTeX, Version 3.141592653-2.6-1.40.24 (TeX Live 2022) (preloaded format=latex 2023.1.24)  14 FEB 2023 18:26
entering extended mode
 restricted \write18 enabled.
 %&-line parsing enabled.
**_formulas.tex
(./_formulas.tex
LaTeX2e <2021-11-15> patch level 1
L3 programming layer <2022-02-24> (/usr/local/texlive/2022/texmf-dist/tex/latex
/base/article.cls
Document Class: article 2021/10/04 v1.4n Standard LaTeX document class
(/usr/local/texlive/2022/texmf-dist/tex/latex/base/size10.clo
File: size10.clo 2021/10/04 v1.4n Standard LaTeX file (size option)
)
\c@part=\count185
\c@section=\count186
\c@subsection=\count187
\c@subsubsection=\count188
\c@paragraph=\count189
\c@subparagraph=\count190
\c@figure=\count191
\c@table=\count192
\abovecaptionskip=\skip47
\belowcaptionskip=\skip48
\bibindent=\dimen138
) (/usr/local/texlive/2022/texmf-dist/tex/latex/base/ifthen.sty
Package: ifthen 2020/11/24 v1.1c Standard LaTeX ifthen package (DPC)
) (/usr/local/texlive/2022/texmf-dist/tex/latex/graphics/epsfig.sty
Package: epsfig 2017/06/25 v1.7b (e)psfig emulation (SPQR)
(/usr/local/texlive/2022/texmf-dist/tex/latex/graphics/graphicx.sty
Package: graphicx 2021/09/16 v1.2d Enhanced LaTeX Graphics (DPC,SPQR)
(/usr/local/texlive/2022/texmf-dist/tex/latex/graphics/keyval.sty
Package: keyval 2014/10/28 v1.15 key=value parser (DPC)
\KV@toks@=\toks16
) (/usr/local/texlive/2022/texmf-dist/tex/latex/graphics/graphics.sty
Package: graphics 2021/03/04 v1.4d Standard LaTeX Graphics (DPC,SPQR)
(/usr/local/texlive/2022/texmf-dist/tex/latex/graphics/trig.sty
Package: trig 2021/08/11 v1.11 sin cos tan (DPC)
) (/usr/local/texlive/2022/texmf-dist/tex/latex/graphics-cfg/graphics.cfg
File: graphics.cfg 2016/06/04 v1.11 sample graphics configuration
)
Package graphics Info: Driver file: dvips.def on input line 107.
(/usr/local/texlive/2022/texmf-dist/tex/latex/graphics-def/dvips.def
File: dvips.def 2017/06/20 v3.1d Graphics/color driver for dvips
))
\Gin@req@height=\dimen139
\Gin@req@width=\dimen140
)
\epsfxsize=\dimen141
\epsfysize=\dimen142
) (/usr/local/texlive/2022/texmf-dist/tex/latex/base/inputenc.sty
Package: inputenc 2021/02/14 v1.3d Input encoding file
\inpenc@prehook=\toks17
\inpenc@posthook=\toks18
) (/usr/local/texlive/2022/texmf-dist/tex/latex/amsmath/amsmath.sty
Package: amsmath 2021/10/15 v2.17l AMS math features
\@mathmargin=\skip49
For additional information on amsmath, use the `?' option.
(/usr/local/texlive/2022/texmf-dist/tex/latex/amsmath/amstext.sty
Package: amstext 2021/08/26 v2.01 AMS text
(/usr/local/texlive/2022/texmf-dist/tex/latex/amsmath/amsgen.sty
File: amsgen.sty 1999/11/30 v2.0 generic functions
\@emptytoks=\toks19
\ex@=\dimen143
)) (/usr/local/texlive/2022/texmf-dist/tex/latex/amsmath/amsbsy.sty
Package: amsbsy 1999/11/29 v1.2d Bold Symbols
\pmbraise@=\dimen144
) (/usr/local/texlive/2022/texmf-dist/tex/latex/amsmath/amsopn.sty
Package: amsopn 2021/08/26 v2.02 operator names
)
\inf@bad=\count193
LaTeX Info: Redefining \frac on input line 234.
\uproot@=\count194
\leftroot@=\count195
LaTeX Info: Redefining \overline on input line 399.
\classnum@=\count196
\DOTSCASE@=\count197
LaTeX Info: Redefining \ldots on input line 496.
LaTeX Info: Redefining \dots on input line 499.
LaTeX Info: Redefining \cdots on input line 620.
\Mathstrutbox@=\box50
\strutbox@=\box51
\big@size=\dimen145
LaTeX Font Info:    Redeclaring font encoding OML on input line 743.
LaTeX Font Info:    Redeclaring font encoding OMS on input line 744.
\macc@depth=\count198
\c@MaxMatrixCols=\count199
\dotsspace@=\muskip16
\c@parentequation=\count266
\dspbrk@lvl=\count267
\tag@help=\toks20
\row@=\count268
\column@=\count269
\maxfields@=\count270
\andhelp@=\toks21
\eqnshift@=\dimen146
\alignsep@=\dimen147
\tagshift@=\dimen148
\tagwidth@=\dimen149
\totwidth@=\dimen150
\lineht@=\dimen151
\@envbody=\toks22
\multlinegap=\skip50
\multlinetaggap=\skip51
\mathdisplay@stack=\toks23
LaTeX Info: Redefining \[ on input line 2938.
LaTeX Info: Redefining \] on input line 2939.
)
(/usr/local/texlive/2022/texmf-dist/tex/latex/newunicodechar/newunicodechar.sty
Package: newunicodechar 2018/04/08 v1.2 Defining Unicode characters
)

Package newunicodechar Warning: Redefining Unicode character on input line 10.


Package newunicodechar Warning: Redefining Unicode character on input line 11.

(/usr/local/texlive/2022/texmf-dist/tex/latex/l3backend/l3backend-dvips.def
File: l3backend-dvips.def 2022-02-07 L3 backend support: dvips
\l__pdf_internal_box=\box52
\g__pdf_backend_object_int=\count271
\l__pdf_backend_content_box=\box53
\l__pdf_backend_model_box=\box54
\g__pdf_backend_annotation_int=\count272
\g__pdf_backend_link_int=\count273
\g__pdf_backend_link_sf_int=\count274
) (./_formulas.aux)
\openout1 = `_formulas.aux'.

LaTeX Font Info:    Checking defaults for OML/cmm/m/it on input line 14.
LaTeX Font Info:    ... okay on input line 14.
LaTeX Font Info:    Checking defaults for OMS/cmsy/m/n on input line 14.
LaTeX Font Info:    ... okay on input line 14.
LaTeX Font Info:    Checking defaults for OT1/cmr/m/n on input line 14.
LaTeX Font Info:    ... okay on input line 14.
LaTeX Font Info:    Checking defaults for T1/cmr/m/n on input line 14.
LaTeX Font Info:    ... okay on input line 14.
LaTeX Font Info:    Checking defaults for TS1/cmr/m/n on input line 14.
LaTeX Font Info:    ... okay on input line 14.
LaTeX Font Info:    Checking defaults for OMX/cmex/m/n on input line 14.
LaTeX Font Info:    ... okay on input line 14.
LaTeX Font Info:    Checking defaults for U/cmr/m/n on input line 14.
LaTeX Font Info:    ... okay on input line 14.
[1

] [2] [3] [4] [5] [6] [7] [8] [9] [10] [11] [12] [13] [14] [15] [16] [17] [18] 
[19] [20] [21] [22] [23] [24] [25] [26] [27] [28] [29] [30] [31] [32] [33] [34]
[35] [36] [37] [38] [39] [40] [41] [42] [43] [44] [45] [46] [47] [48] [49] [50]
[51] [52] [53] [54] [55] [56] [57] [58] [59] [60] [61] [62] [63] [64] [65] [66]
[67] [68] [69] [70] [71] [72] [73] [74] [75] [76] [77] [78] [79] [80] [81] [82]
[83] [84] [85] [86] [87] [88] [89] [90] [91] [92] [93] [94] [95] [96] [97]
Overfull \hbox (20.2017pt too wide) detected at line 306
[] [] []\OML/cmm/m/it/10  [] \OT1/cmr/m/n/10 + \OML/cmm/m/it/10 ^^[[] [] \OT1/c
mr/m/n/10 = [] [] []\OML/cmm/m/it/10 Y[]\OT1/cmr/m/n/10 ([]) [] \OML/cmm/m/it/1
0 ^^[[]^^^[] \OT1/cmr/m/n/10 + \OML/cmm/m/it/10 q[] \OT1/cmr/m/n/10 + \OML/cmm/
m/it/10 q[]
 []

[98] [99] [100] [101] [102] [103]
Overfull \hbox (7.11838pt too wide) detected at line 324
\OML/cmm/m/it/10 q[] \OT1/cmr/m/n/10 = [] [] \OML/cmm/m/it/10 ^^W[]^^[[]^^^[] \
OT1/cmr/m/n/10 + [] []\OML/cmm/m/it/10 ^^M[] [] ^^W[]^^[[]^^^[]
 []

[104] [105] [106] [107] [108] [109] [110] [111] [112] [113] [114] [115] [116] [
117] [118] [119] [120] [121] [122] [123] [124] [125] [126] [127] [128] [129] [1
30] [131] [132] [133] [134] [135] [136] [137] [138] [139] [140] [141] [142] [14
3] [144] [145] [146] [147] [148] [149] [150] [151] [152] [153] [154] [155] [156
] [157] [158] [159] [160] [161] [162] [163] [164] [165] [166] [167] [168] [169]
[170] [171] [172] [173] [174] [175] [176] [177] [178] [179] [180] [181] [182] [
183] [184]
Overfull \hbox (27.24529pt too wide) detected at line 567
[]
 []

[185] [186] [187] [188] [189] [190] [191] [192]
Overfull \hbox (0.33769pt too wide) detected at line 591
[][][]\OML/cmm/m/it/10 ^^^[]\OT1/cmr/m/n/10 (\OT1/cmr/bx/n/10 x\OT1/cmr/m/n/10 
) \OMS/cmsy/m/n/10 ^^@ \OML/cmm/m/it/10 ^^^[]\OT1/cmr/m/n/10 (\OT1/cmr/bx/n/10 
x\OT1/cmr/m/n/10 )[][]\OML/cmm/m/it/10 dV \OT1/cmr/m/n/10 = [] [] \OML/cmm/m/it
/10 w[][]^^^[]\OT1/cmr/m/n/10 (\OT1/cmr/bx/n/10 x[]\OT1/cmr/m/n/10 ) \OMS/cmsy/
m/n/10 ^^@ \OML/cmm/m/it/10 ^^^[]\OT1/cmr/m/n/10 ([])[][] \OMS/cmsy/m/n/10 j\OM
L/cmm/m/it/10 J\OT1/cmr/m/n/10 ([]\OMS/cmsy/m/n/10 j
 []

[193] [194] [195] [196]
Overfull \hbox (84.65039pt too wide) detected at line 603
[][][] [] [] \OT1/cmr/m/n/10 + \OML/cmm/m/it/10 ^^[[]\OT1/cmr/m/n/10 (\OT1/cmr/
bx/n/10 x\OT1/cmr/m/n/10 )[]\OML/cmm/m/it/10  []\OT1/cmr/m/n/10 (\OT1/cmr/bx/n/
10 x\OT1/cmr/m/n/10 ) = [] []\OML/cmm/m/it/10 Y[]\OT1/cmr/m/n/10 ([][]) [][]\OM
L/cmm/m/it/10 ^^[[]\OT1/cmr/m/n/10 (\OT1/cmr/bx/n/10 x\OT1/cmr/m/n/10 ) \OML/cm
m/m/it/10 ^^^[]\OT1/cmr/m/n/10 (\OT1/cmr/bx/n/10 x\OT1/cmr/m/n/10 )[] + \OML/cm
m/m/it/10 q[]\OT1/cmr/m/n/10 (\OT1/cmr/bx/n/10 x\OT1/cmr/m/n/10 )   \OT1/cmr/bx
/n/10 x \OMS/cmsy/m/n/10 2 D
 []

[197] [198] [199] [200] [201] [202] [203] [204] [205] [206] [207] [208] [209] [
210] [211] [212] [213] [214] [215] [216] [217] [218] [219] [220] [221] [222] [2
23] [224] [225] [226] [227] [228] [229] [230] [231] [232] [233] [234] [235] [23
6] [237] [238] [239] [240] [241] [242] [243] [244] [245] [246] [247] [248] [249
] [250] [251] [252] [253] [254] [255] [256] [257] [258] [259] [260] [261] [262]
[263] [264] [265] [266] [267] [268]
Overfull \hbox (74.56525pt too wide) detected at line 819
[][] \OML/cmm/m/it/10 b[]\OT1/cmr/m/n/10 (\OML/cmm/m/it/10 s \OMS/cmsy/m/n/10 7
! \OT1/cmr/bx/n/10 x\OT1/cmr/m/n/10 )\OML/cmm/m/it/10 ds \OT1/cmr/m/n/10 = \OML
/cmm/m/it/10 b[]\OT1/cmr/m/n/10 ([] \OMS/cmsy/m/n/10 7! \OT1/cmr/bx/n/10 x\OT1/
cmr/m/n/10 )(\OML/cmm/m/it/10 s[] \OMS/cmsy/m/n/10 ^^@ \OML/cmm/m/it/10 s[]\OT1
/cmr/m/n/10 ) + \OML/cmm/m/it/10 b[]\OT1/cmr/m/n/10 ([] \OMS/cmsy/m/n/10 7! \OT
1/cmr/bx/n/10 x\OT1/cmr/m/n/10 )(\OML/cmm/m/it/10 s[] \OMS/cmsy/m/n/10 ^^@ \OML
/cmm/m/it/10 s[]\OT1/cmr/m/n/10 ) + \OML/cmm/m/it/10 b[]\OT1/cmr/m/n/10 ([] \OM
S/cmsy/m/n/10 7! \OT1/cmr/bx/n/10 x\OT1/cmr/m/n/10 )(\OML/cmm/m/it/10 s[] \OMS/
cmsy/m/n/10 ^^@ \OML/cmm/m/it/10 s[]\OT1/cmr/m/n/10 )+
 []

[269] [270] [271] [272] [273] [274] [275] [276] [277] [278] [279] [280] [281] [
282] [283] [284] [285] [286] [287] [288] [289] [290] [291] [292] [293] [294] [2
95] [296] [297] [298] [299] [300] [301] [302] [303] [304] [305] [306] [307] [30
8] [309] [310] [311] [312] [313] [314] [315] [316] [317] [318] [319] [320] [321
] [322] [323] [324] [325] [326] [327] [328] [329] [330] [331] [332] (./_formula
s.aux) ) 
Here is how much of TeX's memory you used:
 1718 strings out of 478269
 27754 string characters out of 5846373
 320318 words of memory out of 5000000
 19951 multiletter control sequences out of 15000+600000
 472470 words of font info for 39 fonts, out of 8000000 for 9000
 1141 hyphenation exceptions out of 8191
 70i,12n,76p,423b,150s stack positions out of 10000i,1000n,20000p,200000b,200000s

Output written on _formulas.dvi (332 pages, 53976 bytes).
